2020-05-11 00:32:32.649 DEBUG 18696 --- [http-nio-8882-exec-7] c.w.mapper.NoticeMapper.NoticesForWeek   : ==>  Preparing: SELECT id,title,content,time,pubuser,top FROM notice WHERE time >= DATE_SUB(CURDATE(), INTERVAL 1 WEEK) ORDER BY top = 1 DESC ,time DESC 
2020-05-11 00:32:32.658 DEBUG 18696 --- [http-nio-8882-exec-7] c.w.mapper.NoticeMapper.NoticesForWeek   : ==> Parameters: 
2020-05-11 00:32:32.659 DEBUG 18696 --- [http-nio-8882-exec-7] c.w.mapper.NoticeMapper.NoticesForWeek   : <==      Total: 3
2020-05-11 00:32:32.664  INFO 18696 --- [http-nio-8882-exec-7] com.wemedia.aspect.RedisCacheAspect      : news_com_wemedia_service_impl_SysConfigServiceImpl_selectAll()从缓存中获取数据
2020-05-11 00:32:32.667  INFO 18696 --- [http-nio-8882-exec-7] com.wemedia.aspect.RedisCacheAspect      : news_com_wemedia_service_impl_SysConfigServiceImpl_selectAll()从缓存中获取数据
2020-05-11 00:32:32.671  INFO 18696 --- [http-nio-8882-exec-7] com.wemedia.aspect.RedisCacheAspect      : news_com_wemedia_service_impl_SysConfigServiceImpl_selectAll()从缓存中获取数据
2020-05-11 00:32:32.675 DEBUG 18696 --- [http-nio-8882-exec-7] c.w.m.B.selectCategories                 : ==>  Preparing: select t.*, p.id p_id, p.`pid` p_pid, p.`name` p_name, p.description p_description, p.`status` p_status, p.icon p_icon, n.`id` n_id, n.`pid` n_pid, n.`name` n_name, n.description n_description, n.`status` n_status, n.icon n_icon FROM biz_category t LEFT JOIN biz_category p ON t.pid = p.id LEFT JOIN biz_category n ON n.pid = t.id WHERE 1=1 AND t.`status` = ? ORDER BY t.sort ASC 
2020-05-11 00:32:32.675 DEBUG 18696 --- [http-nio-8882-exec-7] c.w.m.B.selectCategories                 : ==> Parameters: 1(Integer)
2020-05-11 00:32:32.677 DEBUG 18696 --- [http-nio-8882-exec-7] c.w.m.B.selectCategories                 : <==      Total: 8
2020-05-11 00:32:32.688  INFO 18696 --- [http-nio-8882-exec-7] com.wemedia.aspect.RedisCacheAspect      : news_com_wemedia_service_impl_SysConfigServiceImpl_selectAll()从缓存中获取数据
2020-05-11 00:32:32.691  INFO 18696 --- [http-nio-8882-exec-7] com.wemedia.aspect.RedisCacheAspect      : news_com_wemedia_service_impl_SysConfigServiceImpl_selectAll()从缓存中获取数据
2020-05-11 00:32:32.694  INFO 18696 --- [http-nio-8882-exec-7] com.wemedia.aspect.RedisCacheAspect      : news_com_wemedia_service_impl_SysConfigServiceImpl_selectAll()从缓存中获取数据
2020-05-11 00:32:32.695 DEBUG 18696 --- [http-nio-8882-exec-7] c.w.mapper.BizTagsMapper.selectTags      : ==>  Preparing: select id, `name`, description, create_time, update_time FROM biz_tags WHERE 1=1 
2020-05-11 00:32:32.696 DEBUG 18696 --- [http-nio-8882-exec-7] c.w.mapper.BizTagsMapper.selectTags      : ==> Parameters: 
2020-05-11 00:32:32.697 DEBUG 18696 --- [http-nio-8882-exec-7] c.w.mapper.BizTagsMapper.selectTags      : <==      Total: 7
2020-05-11 00:32:32.703 DEBUG 18696 --- [http-nio-8882-exec-7] c.w.m.B.findByCondition_COUNT            : ==>  Preparing: SELECT count(0) FROM (SELECT a.*, category.id AS b_category_id, category.`name` AS b_category_name, category.description AS b_category_description, l.lookCount AS look_count, c.commentCount AS comment_count, love.loveCount AS love_count, dislike.dislikeCount AS dislike_count FROM biz_article a INNER JOIN biz_category category ON a.category_id = category.id INNER JOIN biz_article_tags atag ON a.id = atag.article_id LEFT JOIN (SELECT l.article_id, IFNULL(count(1), 0) AS lookCount FROM biz_article_look l GROUP BY l.article_id) l ON a.id = l.article_id LEFT JOIN (SELECT sid, IFNULL(count(1), 0) AS commentCount FROM biz_comment c WHERE c.status = 1 GROUP BY sid) c ON a.id = c.sid LEFT JOIN (SELECT l.biz_id, IFNULL(count(1), 0) AS loveCount FROM biz_love l WHERE l.biz_type = 1 AND l.status = 1 GROUP BY l.biz_id) love ON a.id = love.biz_id LEFT JOIN (SELECT d.dis_id, IFNULL(count(1), 0) AS dislikeCount FROM biz_dislike d WHERE d.dis_type = 1 AND d.status = 1 GROUP BY d.dis_id) dislike ON a.id = dislike.dis_id WHERE 1 = 1 AND a.status = ? GROUP BY a.id) table_count 
2020-05-11 00:32:32.704 DEBUG 18696 --- [http-nio-8882-exec-7] c.w.m.B.findByCondition_COUNT            : ==> Parameters: 1(Integer)
2020-05-11 00:32:32.709 DEBUG 18696 --- [http-nio-8882-exec-7] c.w.m.B.findByCondition_COUNT            : <==      Total: 1
2020-05-11 00:32:32.710 DEBUG 18696 --- [http-nio-8882-exec-7] c.w.m.BizArticleMapper.findByCondition   : ==>  Preparing: SELECT a.*, category.id AS b_category_id, category.`name` AS b_category_name, category.description AS b_category_description, l.lookCount AS look_count, c.commentCount AS comment_count, love.loveCount AS love_count, dislike.dislikeCount AS dislike_count FROM biz_article a INNER JOIN biz_category category ON a.category_id = category.id INNER JOIN biz_article_tags atag ON a.id = atag.article_id LEFT JOIN ( SELECT l.article_id, IFNULL(count(1), 0) AS lookCount FROM biz_article_look l GROUP BY l.article_id ) l ON a.id = l.article_id LEFT JOIN ( SELECT sid, IFNULL(count(1), 0) AS commentCount FROM biz_comment c WHERE c.status = 1 GROUP BY sid ) c ON a.id = c.sid LEFT JOIN ( SELECT l.biz_id, IFNULL(count(1), 0) AS loveCount FROM biz_love l WHERE l.biz_type=1 and l.status=1 GROUP BY l.biz_id ) love ON a.id = love.biz_id LEFT JOIN ( SELECT d.dis_id, IFNULL(count(1), 0) AS dislikeCount FROM biz_dislike d WHERE d.dis_type=1 and d.status=1 GROUP BY d.dis_id ) dislike ON a.id = dislike.dis_id WHERE 1 = 1 AND a.status = ? GROUP BY a.id ORDER BY a.create_time DESC LIMIT ? 
2020-05-11 00:32:32.713 DEBUG 18696 --- [http-nio-8882-exec-7] c.w.m.BizArticleMapper.findByCondition   : ==> Parameters: 1(Integer), 10(Integer)
2020-05-11 00:32:32.717 DEBUG 18696 --- [http-nio-8882-exec-7] c.w.m.BizArticleMapper.findByCondition   : <==      Total: 10
2020-05-11 00:32:32.719 DEBUG 18696 --- [http-nio-8882-exec-7] c.w.m.B.listTagsByArticleId              : ==>  Preparing: SELECT a.*, t.id AS tag_id, t.`name` AS tag_name, t.description AS tag_description FROM biz_article a INNER JOIN biz_article_tags atag ON a.id = atag.article_id INNER JOIN biz_tags t ON atag.tag_id = t.id WHERE a.id IN ( ? , ? , ? , ? , ? , ? , ? , ? , ? , ? ) 
2020-05-11 00:32:32.720 DEBUG 18696 --- [http-nio-8882-exec-7] c.w.m.B.listTagsByArticleId              : ==> Parameters: 88(Integer), 82(Integer), 80(Integer), 79(Integer), 78(Integer), 77(Integer), 76(Integer), 75(Integer), 74(Integer), 71(Integer)
2020-05-11 00:32:32.724 DEBUG 18696 --- [http-nio-8882-exec-7] c.w.m.B.listTagsByArticleId              : <==      Total: 10
2020-05-11 00:32:32.732 DEBUG 18696 --- [http-nio-8882-exec-7] c.w.m.B.findByCondition_COUNT            : ==>  Preparing: select count(0) from (SELECT a.*, category.id AS b_category_id, category.`name` AS b_category_name, category.description AS b_category_description, l.lookCount AS look_count, c.commentCount AS comment_count, love.loveCount AS love_count, dislike.dislikeCount AS dislike_count FROM biz_article a INNER JOIN biz_category category ON a.category_id = category.id INNER JOIN biz_article_tags atag ON a.id = atag.article_id LEFT JOIN ( SELECT l.article_id, IFNULL(count(1), 0) AS lookCount FROM biz_article_look l GROUP BY l.article_id ) l ON a.id = l.article_id LEFT JOIN ( SELECT sid, IFNULL(count(1), 0) AS commentCount FROM biz_comment c WHERE c.status = 1 GROUP BY sid ) c ON a.id = c.sid LEFT JOIN ( SELECT l.biz_id, IFNULL(count(1), 0) AS loveCount FROM biz_love l WHERE l.biz_type=1 and l.status=1 GROUP BY l.biz_id ) love ON a.id = love.biz_id LEFT JOIN ( SELECT d.dis_id, IFNULL(count(1), 0) AS dislikeCount FROM biz_dislike d WHERE d.dis_type=1 and d.status=1 GROUP BY d.dis_id ) dislike ON a.id = dislike.dis_id WHERE 1 = 1 AND a.status = ? AND a.recommended = ? GROUP BY a.id ORDER BY a.top DESC, a.create_time DESC) tmp_count 
2020-05-11 00:32:32.734 DEBUG 18696 --- [http-nio-8882-exec-7] c.w.m.B.findByCondition_COUNT            : ==> Parameters: 1(Integer), true(Boolean)
2020-05-11 00:32:32.739 DEBUG 18696 --- [http-nio-8882-exec-7] c.w.m.B.findByCondition_COUNT            : <==      Total: 1
2020-05-11 00:32:32.741 DEBUG 18696 --- [http-nio-8882-exec-7] c.w.m.BizArticleMapper.findByCondition   : ==>  Preparing: SELECT a.*, category.id AS b_category_id, category.`name` AS b_category_name, category.description AS b_category_description, l.lookCount AS look_count, c.commentCount AS comment_count, love.loveCount AS love_count, dislike.dislikeCount AS dislike_count FROM biz_article a INNER JOIN biz_category category ON a.category_id = category.id INNER JOIN biz_article_tags atag ON a.id = atag.article_id LEFT JOIN ( SELECT l.article_id, IFNULL(count(1), 0) AS lookCount FROM biz_article_look l GROUP BY l.article_id ) l ON a.id = l.article_id LEFT JOIN ( SELECT sid, IFNULL(count(1), 0) AS commentCount FROM biz_comment c WHERE c.status = 1 GROUP BY sid ) c ON a.id = c.sid LEFT JOIN ( SELECT l.biz_id, IFNULL(count(1), 0) AS loveCount FROM biz_love l WHERE l.biz_type=1 and l.status=1 GROUP BY l.biz_id ) love ON a.id = love.biz_id LEFT JOIN ( SELECT d.dis_id, IFNULL(count(1), 0) AS dislikeCount FROM biz_dislike d WHERE d.dis_type=1 and d.status=1 GROUP BY d.dis_id ) dislike ON a.id = dislike.dis_id WHERE 1 = 1 AND a.status = ? AND a.recommended = ? GROUP BY a.id ORDER BY a.top DESC, a.create_time DESC LIMIT ? 
2020-05-11 00:32:32.742 DEBUG 18696 --- [http-nio-8882-exec-7] c.w.m.BizArticleMapper.findByCondition   : ==> Parameters: 1(Integer), true(Boolean), 10(Integer)
2020-05-11 00:32:32.748 DEBUG 18696 --- [http-nio-8882-exec-7] c.w.m.BizArticleMapper.findByCondition   : <==      Total: 10
2020-05-11 00:32:32.750 DEBUG 18696 --- [http-nio-8882-exec-7] c.w.m.B.listTagsByArticleId              : ==>  Preparing: SELECT a.*, t.id AS tag_id, t.`name` AS tag_name, t.description AS tag_description FROM biz_article a INNER JOIN biz_article_tags atag ON a.id = atag.article_id INNER JOIN biz_tags t ON atag.tag_id = t.id WHERE a.id IN ( ? , ? , ? , ? , ? , ? , ? , ? , ? , ? ) 
2020-05-11 00:32:32.751 DEBUG 18696 --- [http-nio-8882-exec-7] c.w.m.B.listTagsByArticleId              : ==> Parameters: 82(Integer), 80(Integer), 79(Integer), 78(Integer), 75(Integer), 74(Integer), 71(Integer), 52(Integer), 88(Integer), 67(Integer)
2020-05-11 00:32:32.758 DEBUG 18696 --- [http-nio-8882-exec-7] c.w.m.B.listTagsByArticleId              : <==      Total: 10
2020-05-11 00:32:32.763 DEBUG 18696 --- [http-nio-8882-exec-7] c.w.m.BizArticleMapper.hotList_COUNT     : ==>  Preparing: SELECT count(0) FROM biz_article a LEFT JOIN (SELECT l.article_id, IFNULL(count(1), 0) AS lookCount FROM biz_article_look l GROUP BY l.article_id) l ON a.id = l.article_id WHERE a.status = 1 
2020-05-11 00:32:32.763 DEBUG 18696 --- [http-nio-8882-exec-7] c.w.m.BizArticleMapper.hotList_COUNT     : ==> Parameters: 
2020-05-11 00:32:32.765 DEBUG 18696 --- [http-nio-8882-exec-7] c.w.m.BizArticleMapper.hotList_COUNT     : <==      Total: 1
2020-05-11 00:32:32.765 DEBUG 18696 --- [http-nio-8882-exec-7] c.w.mapper.BizArticleMapper.hotList      : ==>  Preparing: SELECT a.*, l.lookCount AS look_count FROM biz_article a LEFT JOIN ( SELECT l.article_id, IFNULL(count(1), 0) AS lookCount FROM biz_article_look l GROUP BY l.article_id ) l ON a.id = l.article_id WHERE a.status = 1 ORDER BY l.lookCount DESC LIMIT ? 
2020-05-11 00:32:32.766 DEBUG 18696 --- [http-nio-8882-exec-7] c.w.mapper.BizArticleMapper.hotList      : ==> Parameters: 10(Integer)
2020-05-11 00:32:32.776 DEBUG 18696 --- [http-nio-8882-exec-7] c.w.mapper.BizArticleMapper.hotList      : <==      Total: 10
2020-05-11 00:32:32.779 DEBUG 18696 --- [http-nio-8882-exec-7] c.w.mapper.BizLinkMapper.selectLinks     : ==>  Preparing: select id,`name`, url, description, img, email, qq, status, origin, remark, create_time, update_time FROM biz_link WHERE 1=1 AND status = ? 
2020-05-11 00:32:32.780 DEBUG 18696 --- [http-nio-8882-exec-7] c.w.mapper.BizLinkMapper.selectLinks     : ==> Parameters: 1(Integer)
2020-05-11 00:32:32.781 DEBUG 18696 --- [http-nio-8882-exec-7] c.w.mapper.BizLinkMapper.selectLinks     : <==      Total: 1
2020-05-11 00:32:32.782 DEBUG 18696 --- [http-nio-8882-exec-7] c.w.mapper.BizArticleMapper.getSiteInfo  : ==>  Preparing: SELECT a.article_count AS articleCount, t.tag_count AS tagCount, category.category_count AS categoryCount, c.comment_count AS commentCount FROM ( SELECT COUNT(1) AS article_count FROM biz_article WHERE `status` = 1 ) a, ( SELECT COUNT(1) AS tag_count FROM biz_tags ) t, ( SELECT COUNT(1) AS category_count FROM biz_category WHERE status = 1 ) category, ( SELECT COUNT(1) AS comment_count FROM biz_comment WHERE `status` = 1 ) c 
2020-05-11 00:32:32.783 DEBUG 18696 --- [http-nio-8882-exec-7] c.w.mapper.BizArticleMapper.getSiteInfo  : ==> Parameters: 
2020-05-11 00:32:32.784 DEBUG 18696 --- [http-nio-8882-exec-7] c.w.mapper.BizArticleMapper.getSiteInfo  : <==      Total: 1
2020-05-11 00:32:32.786 DEBUG 18696 --- [http-nio-8882-exec-7] c.w.mapper.BizArticleMapper.getSiteInfo  : ==>  Preparing: SELECT a.article_count AS articleCount, t.tag_count AS tagCount, category.category_count AS categoryCount, c.comment_count AS commentCount FROM ( SELECT COUNT(1) AS article_count FROM biz_article WHERE `status` = 1 ) a, ( SELECT COUNT(1) AS tag_count FROM biz_tags ) t, ( SELECT COUNT(1) AS category_count FROM biz_category WHERE status = 1 ) category, ( SELECT COUNT(1) AS comment_count FROM biz_comment WHERE `status` = 1 ) c 
2020-05-11 00:32:32.786 DEBUG 18696 --- [http-nio-8882-exec-7] c.w.mapper.BizArticleMapper.getSiteInfo  : ==> Parameters: 
2020-05-11 00:32:32.787 DEBUG 18696 --- [http-nio-8882-exec-7] c.w.mapper.BizArticleMapper.getSiteInfo  : <==      Total: 1
2020-05-11 00:32:32.788 DEBUG 18696 --- [http-nio-8882-exec-7] c.w.mapper.BizArticleMapper.getSiteInfo  : ==>  Preparing: SELECT a.article_count AS articleCount, t.tag_count AS tagCount, category.category_count AS categoryCount, c.comment_count AS commentCount FROM ( SELECT COUNT(1) AS article_count FROM biz_article WHERE `status` = 1 ) a, ( SELECT COUNT(1) AS tag_count FROM biz_tags ) t, ( SELECT COUNT(1) AS category_count FROM biz_category WHERE status = 1 ) category, ( SELECT COUNT(1) AS comment_count FROM biz_comment WHERE `status` = 1 ) c 
2020-05-11 00:32:32.788 DEBUG 18696 --- [http-nio-8882-exec-7] c.w.mapper.BizArticleMapper.getSiteInfo  : ==> Parameters: 
2020-05-11 00:32:32.790 DEBUG 18696 --- [http-nio-8882-exec-7] c.w.mapper.BizArticleMapper.getSiteInfo  : <==      Total: 1
2020-05-11 00:32:32.791 DEBUG 18696 --- [http-nio-8882-exec-7] c.w.mapper.BizArticleMapper.getSiteInfo  : ==>  Preparing: SELECT a.article_count AS articleCount, t.tag_count AS tagCount, category.category_count AS categoryCount, c.comment_count AS commentCount FROM ( SELECT COUNT(1) AS article_count FROM biz_article WHERE `status` = 1 ) a, ( SELECT COUNT(1) AS tag_count FROM biz_tags ) t, ( SELECT COUNT(1) AS category_count FROM biz_category WHERE status = 1 ) category, ( SELECT COUNT(1) AS comment_count FROM biz_comment WHERE `status` = 1 ) c 
2020-05-11 00:32:32.792 DEBUG 18696 --- [http-nio-8882-exec-7] c.w.mapper.BizArticleMapper.getSiteInfo  : ==> Parameters: 
2020-05-11 00:32:32.793 DEBUG 18696 --- [http-nio-8882-exec-7] c.w.mapper.BizArticleMapper.getSiteInfo  : <==      Total: 1
